<?xml version="1.0" encoding="UTF-8"?>
<!-- Generated by org.testng.reporters.JUnitReportReporter -->
<testsuite hostname="DESKTOP-BJAMQSM" failures="0" tests="3" name="com.crm.qa.testCases.HomePageTest" time="75.153" errors="0" timestamp="2023-02-12T10:48:37 IST" skipped="0">
  <testcase classname="com.crm.qa.testCases.HomePageTest" name="verifyHomePageTitleTest" time="21.527"/>
  <system-out/>
  <testcase classname="com.crm.qa.testCases.HomePageTest" name="verifyUserNameTest" time="24.044"/>
  <system-out/>
  <testcase classname="com.crm.qa.testCases.HomePageTest" name="verifyContactsTabTest" time="29.582"/>
  <system-out/>
</testsuite> <!-- com.crm.qa.testCases.HomePageTest -->
