<?xml version="1.0" encoding="UTF-8"?>
<!-- Generated by org.testng.reporters.JUnitReportReporter -->
<testsuite hostname="DESKTOP-BJAMQSM" failures="0" tests="3" name="com.crm.qa.testCases.LoginPageTest" time="60.777" errors="0" timestamp="2023-02-12T10:48:37 IST" skipped="0">
  <testcase classname="com.crm.qa.testCases.LoginPageTest" name="loginPageTitleTest" time="12.767"/>
  <system-out/>
  <testcase classname="com.crm.qa.testCases.LoginPageTest" name="crmLogoTest" time="20.377"/>
  <system-out/>
  <testcase classname="com.crm.qa.testCases.LoginPageTest" name="loginTest" time="27.633"/>
  <system-out/>
</testsuite> <!-- com.crm.qa.testCases.LoginPageTest -->
